#
# A fatal error has been detected by the Java Runtime Environment:
#
#  SIGSEGV (0xb) at pc=0x00007f2991dea6fa, pid=14584, tid=0x00007f29915a3700
#
# JRE version: Java(TM) SE Runtime Environment (8.0_152-b16) (build 1.8.0_152-b16)
# Java VM: Java HotSpot(TM) 64-Bit Server VM (25.152-b16 mixed mode linux-amd64 compressed oops)
# Problematic frame:
# V  [libjvm.so+0x6f76fa]  JNI_ArgumentPusherVaArg::JNI_ArgumentPusherVaArg(_jmethodID*, __va_list_tag*)+0xa
#
# Failed to write core dump. Core dumps have been disabled. To enable core dumping, try "ulimit -c unlimited" before starting Java again
#
# If you would like to submit a bug report, please visit:
#   http://bugreport.java.com/bugreport/crash.jsp
#

---------------  T H R E A D  ---------------

Current thread (0x00007f298c00a000):  JavaThread "main" [_thread_in_vm, id=14585, stack(0x00007f29914a4000,0x00007f29915a4000)]

siginfo: si_signo: 11 (SIGSEGV), si_code: 1 (SEGV_MAPERR), si_addr: 0x0000000000000000

Registers:
RAX=0x00007f29915a26e0, RBX=0x00007f29915a2640, RCX=0x00007f2991de84da, RDX=0x00007f29915a26a0
RSP=0x00007f29915a2610, RBP=0x00007f29915a2620, RSI=0x0000000000000000, RDI=0x00007f29915a2640
R8 =0x00007f2991de8470, R9 =0x00007f29915a2480, R10=0x00007f299221d17c, R11=0x00007f29915a2334
R12=0x00007f29915a26a0, R13=0x0000000000000000, R14=0x00007f29915a2680, R15=0x00007f298c00a1f8
RIP=0x00007f2991dea6fa, EFLAGS=0x0000000000010287, CSGSFS=0x002b000000000033, ERR=0x0000000000000004
  TRAPNO=0x000000000000000e

Top of Stack: (sp=0x00007f29915a2610)
0x00007f29915a2610:   00007f29915a2640 00007f298c00a000
0x00007f29915a2620:   00007f29915a27c0 00007f2991de85c6
0x00007f29915a2630:   00007f298c009160 00000007433fa060
0x00007f29915a2640:   00007f29915a26c0 00007f2991c759cc
0x00007f29915a2650:   00007f2992233f70 00007f290000062d
0x00007f29915a2660:   00007f299001306e 0000062d92233f70
0x00007f29915a2670:   00007f2992233f70 00007f298c009170
0x00007f29915a2680:   00007f298c00a000 00007f298c0095a0
0x00007f29915a2690:   00007f290000062d 00007f2992233f70
0x00007f29915a26a0:   0000003000000018 00007f29915a27d0
0x00007f29915a26b0:   00007f29915a26e0 00007f299001306e
0x00007f29915a26c0:   00007f290000000c 00007f2991dd3055
0x00007f29915a26d0:   00007f298c00a000 00007f298c00a000
0x00007f29915a26e0:   01007f298c00a000 00007f298c081140
0x00007f29915a26f0:   00007f29900124da 00007f29915a2890
0x00007f29915a2700:   00007f2991de8470 00007f29915a2480
0x00007f29915a2710:   00007f29915a2750 00007f298c00a1f8
0x00007f29915a2720:   0000000000000000 0000000000000000
0x00007f29915a2730:   00007f29915a27c0 00007f2991dd330e
0x00007f29915a2740:   00007f297ba46800 00007f298c081140
0x00007f29915a2750:   00007f298c00a000 0000000000000000
0x00007f29915a2760:   00007f29915a2780 00007f298c00a000
0x00007f29915a2770:   00007f298c00a000 00007f2991d81a5f
0x00007f29915a2780:   00007f298c00a000 00007f298c00a000
0x00007f29915a2790:   00007f297ba46800 00007f297ba46800
0x00007f29915a27a0:   0000000000000000 00007f297ba46800
0x00007f29915a27b0:   00007f29915a2890 00007f298c00a000
0x00007f29915a27c0:   00007f29915a2810 00007f2990012568
0x00007f29915a27d0:   00007f298c00a000 00007f29915a2890
0x00007f29915a27e0:   00007f29915a2880 00007f298c00a1f8
0x00007f29915a27f0:   00007f298c081140 0000000000000000
0x00007f29915a2800:   00007f29915a2870 00007f297d0178d2 

Instructions: (pc=0x00007f2991dea6fa)
0x00007f2991dea6da:   8b 64 24 08 48 89 03 48 8b 1c 24 c9 c3 90 90 90
0x00007f2991dea6ea:   90 90 90 90 90 90 55 48 89 e5 41 54 49 89 d4 53
0x00007f2991dea6fa:   48 8b 06 48 89 fb 48 8b 40 08 0f b7 50 24 48 8b
0x00007f2991dea70a:   40 08 48 8b 74 d0 50 e8 0a 1b 2f 00 48 8d 05 53 

Register to memory mapping:

RAX=0x00007f29915a26e0 is pointing into the stack for thread: 0x00007f298c00a000
RBX=0x00007f29915a2640 is pointing into the stack for thread: 0x00007f298c00a000
RCX=0x00007f2991de84da: <offset 0x6f54da> in /home/zhangming/jdk8/jre/lib/amd64/server/libjvm.so at 0x00007f29916f3000
RDX=0x00007f29915a26a0 is pointing into the stack for thread: 0x00007f298c00a000
RSP=0x00007f29915a2610 is pointing into the stack for thread: 0x00007f298c00a000
RBP=0x00007f29915a2620 is pointing into the stack for thread: 0x00007f298c00a000
RSI=0x0000000000000000 is an unknown value
RDI=0x00007f29915a2640 is pointing into the stack for thread: 0x00007f298c00a000
R8 =0x00007f2991de8470: <offset 0x6f5470> in /home/zhangming/jdk8/jre/lib/amd64/server/libjvm.so at 0x00007f29916f3000
R9 =0x00007f29915a2480 is pointing into the stack for thread: 0x00007f298c00a000
R10=0x00007f299221d17c: <offset 0xb2a17c> in /home/zhangming/jdk8/jre/lib/amd64/server/libjvm.so at 0x00007f29916f3000
R11=0x00007f29915a2334 is pointing into the stack for thread: 0x00007f298c00a000
R12=0x00007f29915a26a0 is pointing into the stack for thread: 0x00007f298c00a000
R13=0x0000000000000000 is an unknown value
R14=0x00007f29915a2680 is pointing into the stack for thread: 0x00007f298c00a000
R15=0x00007f298c00a1f8 is an unknown value


Stack: [0x00007f29914a4000,0x00007f29915a4000],  sp=0x00007f29915a2610,  free space=1017k
Native frames: (J=compiled Java code, j=interpreted, Vv=VM code, C=native code)
V  [libjvm.so+0x6f76fa]  JNI_ArgumentPusherVaArg::JNI_ArgumentPusherVaArg(_jmethodID*, __va_list_tag*)+0xa
V  [libjvm.so+0x6f55c6]  jni_CallStaticObjectMethod+0x156
C  [libPrintf3.so+0x1568]  Java_Printf3_getProperty+0x8e
j  Printf3.getProperty(Ljava/lang/String;)Ljava/lang/String;+0
j  Printf3Test.main([Ljava/lang/String;)V+50
v  ~StubRoutines::call_stub
V  [libjvm.so+0x695e06]  JavaCalls::call_helper(JavaValue*, methodHandle*, JavaCallArguments*, Thread*)+0x1056
V  [libjvm.so+0x6d7312]  jni_invoke_static(JNIEnv_*, JavaValue*, _jobject*, JNICallType, _jmethodID*, JNI_ArgumentPusher*, Thread*)+0x362
V  [libjvm.so+0x6f3b7a]  jni_CallStaticVoidMethod+0x17a
C  [libjli.so+0x80ff]  JavaMain+0x81f
C  [libpthread.so.0+0x8609]  start_thread+0xd9

Java frames: (J=compiled Java code, j=interpreted, Vv=VM code)
j  Printf3.getProperty(Ljava/lang/String;)Ljava/lang/String;+0
j  Printf3Test.main([Ljava/lang/String;)V+50
v  ~StubRoutines::call_stub

---------------  P R O C E S S  ---------------

Java Threads: ( => current thread )
  0x00007f298c0d2800 JavaThread "Service Thread" daemon [_thread_blocked, id=14602, stack(0x00007f297858e000,0x00007f297868f000)]
  0x00007f298c0c7000 JavaThread "C1 CompilerThread3" daemon [_thread_blocked, id=14601, stack(0x00007f2978690000,0x00007f2978790000)]
  0x00007f298c0c5000 JavaThread "C2 CompilerThread2" daemon [_thread_blocked, id=14600, stack(0x00007f2978791000,0x00007f2978891000)]
  0x00007f298c0c3000 JavaThread "C2 CompilerThread1" daemon [_thread_blocked, id=14599, stack(0x00007f2978892000,0x00007f2978992000)]
  0x00007f298c0c0000 JavaThread "C2 CompilerThread0" daemon [_thread_blocked, id=14598, stack(0x00007f2978993000,0x00007f2978a93000)]
  0x00007f298c0bf000 JavaThread "Signal Dispatcher" daemon [_thread_blocked, id=14597, stack(0x00007f2978a93000,0x00007f2978b94000)]
  0x00007f298c08c000 JavaThread "Finalizer" daemon [_thread_blocked, id=14596, stack(0x00007f2979405000,0x00007f2979506000)]
  0x00007f298c087800 JavaThread "Reference Handler" daemon [_thread_blocked, id=14595, stack(0x00007f2979506000,0x00007f2979607000)]
=>0x00007f298c00a000 JavaThread "main" [_thread_in_vm, id=14585, stack(0x00007f29914a4000,0x00007f29915a4000)]

Other Threads:
  0x00007f298c07f800 VMThread [stack: 0x00007f2979608000,0x00007f2979708000] [id=14594]
  0x00007f298c0d7000 WatcherThread [stack: 0x00007f297848e000,0x00007f297858e000] [id=14603]

VM state:not at safepoint (normal execution)

VM Mutex/Monitor currently owned by a thread: None

Heap:
 PSYoungGen      total 112128K, used 3850K [0x0000000743380000, 0x000000074b080000, 0x00000007c0000000)
  eden space 96256K, 4% used [0x0000000743380000,0x0000000743742918,0x0000000749180000)
  from space 15872K, 0% used [0x000000074a100000,0x000000074a100000,0x000000074b080000)
  to   space 15872K, 0% used [0x0000000749180000,0x0000000749180000,0x000000074a100000)
 ParOldGen       total 257024K, used 0K [0x0000000649a00000, 0x0000000659500000, 0x0000000743380000)
  object space 257024K, 0% used [0x0000000649a00000,0x0000000649a00000,0x0000000659500000)
 Metaspace       used 2637K, capacity 4486K, committed 4864K, reserved 1056768K
  class space    used 284K, capacity 386K, committed 512K, reserved 1048576K

Card table byte_map: [0x00007f297c44c000,0x00007f297d000000] byte_map_base: 0x00007f29791ff000

Marking Bits: (ParMarkBitMap*) 0x00007f29926c21a0
 Begin Bits: [0x00007f2958316000, 0x00007f295e0ae000)
 End Bits:   [0x00007f295e0ae000, 0x00007f2963e46000)

Polling page: 0x00007f2992b6d000

CodeCache: size=245760Kb used=1107Kb max_used=1118Kb free=244652Kb
 bounds [0x00007f297d000000, 0x00007f297d270000, 0x00007f298c000000]
 total_blobs=250 nmethods=21 adapters=143
 compilation: enabled

Compilation events (10 events):
Event: 0.080 Thread 0x00007f298c0c7000 nmethod 15 0x00007f297d112510 code [0x00007f297d112740, 0x00007f297d113278]
Event: 0.080 Thread 0x00007f298c0c7000   20       1       java.lang.ref.Reference::get (5 bytes)
Event: 0.080 Thread 0x00007f298c0c7000 nmethod 20 0x00007f297d10a8d0 code [0x00007f297d10aa20, 0x00007f297d10ab30]
Event: 0.080 Thread 0x00007f298c0c7000   12       3       java.lang.String::<init> (82 bytes)
Event: 0.080 Thread 0x00007f298c0c7000 nmethod 12 0x00007f297d1137d0 code [0x00007f297d1139a0, 0x00007f297d113e98]
Event: 0.080 Thread 0x00007f298c0c7000   19       3       java.util.HashMap::get (23 bytes)
Event: 0.080 Thread 0x00007f298c0c7000 nmethod 19 0x00007f297d116f90 code [0x00007f297d117120, 0x00007f297d117538]
Event: 0.080 Thread 0x00007f298c0c7000   21       1       java.lang.ThreadLocal::access$400 (5 bytes)
Event: 0.080 Thread 0x00007f298c0c0000 nmethod 14 0x00007f297d117690 code [0x00007f297d1177e0, 0x00007f297d117a58]
Event: 0.080 Thread 0x00007f298c0c7000 nmethod 21 0x00007f297d116cd0 code [0x00007f297d116e20, 0x00007f297d116f10]

GC Heap History (0 events):
No events

Deoptimization events (0 events):
No events

Classes redefined (0 events):
No events

Internal exceptions (3 events):
Event: 0.049 Thread 0x00007f298c00a000 Exception <a 'java/lang/NoSuchMethodError': Method sun.misc.Unsafe.defineClass(Ljava/lang/String;[BII)Ljava/lang/Class; name or signature does not match> (0x0000000743387ca8) thrown at [/HUDSON/workspace/8-2-build-linux-amd64/jdk8u152/9742/hotspot/src/sha
Event: 0.049 Thread 0x00007f298c00a000 Exception <a 'java/lang/NoSuchMethodError': Method sun.misc.Unsafe.prefetchRead(Ljava/lang/Object;J)V name or signature does not match> (0x0000000743387f90) thrown at [/HUDSON/workspace/8-2-build-linux-amd64/jdk8u152/9742/hotspot/src/share/vm/prims/jni.cp
Event: 0.081 Thread 0x00007f298c00a000 Exception <a 'java/lang/NoSuchMethodError': getProperty> (0x00000007433fa060) thrown at [/HUDSON/workspace/8-2-build-linux-amd64/jdk8u152/9742/hotspot/src/share/vm/prims/jni.cpp, line 1581]

Events (10 events):
Event: 0.080 loading class java/lang/Class$MethodArray
Event: 0.080 loading class java/lang/Class$MethodArray done
Event: 0.081 loading class java/lang/Void
Event: 0.081 loading class java/lang/Void done
Event: 0.081 loading class java/io/PrintWriter
Event: 0.081 loading class java/io/PrintWriter done
Event: 0.081 loading class Printf3
Event: 0.081 loading class Printf3 done
Event: 0.081 loading class java/lang/ClassLoaderHelper
Event: 0.081 loading class java/lang/ClassLoaderHelper done


Dynamic libraries:
00400000-00401000 r-xp 00000000 103:03 14822802                          /home/zhangming/jdk8/bin/java
00600000-00601000 rw-p 00000000 103:03 14822802                          /home/zhangming/jdk8/bin/java
01538000-01559000 rw-p 00000000 00:00 0                                  [heap]
649a00000-659500000 rw-p 00000000 00:00 0 
659500000-743380000 ---p 00000000 00:00 0 
743380000-74b080000 rw-p 00000000 00:00 0 
74b080000-7c0000000 ---p 00000000 00:00 0 
7c0000000-7c0080000 rw-p 00000000 00:00 0 
7c0080000-800000000 ---p 00000000 00:00 0 
7f2910000000-7f2910021000 rw-p 00000000 00:00 0 
7f2910021000-7f2914000000 ---p 00000000 00:00 0 
7f2914000000-7f2914021000 rw-p 00000000 00:00 0 
7f2914021000-7f2918000000 ---p 00000000 00:00 0 
7f2918000000-7f2918021000 rw-p 00000000 00:00 0 
7f2918021000-7f291c000000 ---p 00000000 00:00 0 
7f291c000000-7f291c05e000 rw-p 00000000 00:00 0 
7f291c05e000-7f2920000000 ---p 00000000 00:00 0 
7f2920000000-7f2920091000 rw-p 00000000 00:00 0 
7f2920091000-7f2924000000 ---p 00000000 00:00 0 
7f2924000000-7f2924021000 rw-p 00000000 00:00 0 
7f2924021000-7f2928000000 ---p 00000000 00:00 0 
7f2928000000-7f2928021000 rw-p 00000000 00:00 0 
7f2928021000-7f292c000000 ---p 00000000 00:00 0 
7f292c000000-7f292c021000 rw-p 00000000 00:00 0 
7f292c021000-7f2930000000 ---p 00000000 00:00 0 
7f2930000000-7f2930021000 rw-p 00000000 00:00 0 
7f2930021000-7f2934000000 ---p 00000000 00:00 0 
7f2934000000-7f2934021000 rw-p 00000000 00:00 0 
7f2934021000-7f2938000000 ---p 00000000 00:00 0 
7f2938000000-7f2938021000 rw-p 00000000 00:00 0 
7f2938021000-7f293c000000 ---p 00000000 00:00 0 
7f293c000000-7f293c021000 rw-p 00000000 00:00 0 
7f293c021000-7f2940000000 ---p 00000000 00:00 0 
7f2940000000-7f2940021000 rw-p 00000000 00:00 0 
7f2940021000-7f2944000000 ---p 00000000 00:00 0 
7f2948000000-7f2948021000 rw-p 00000000 00:00 0 
7f2948021000-7f294c000000 ---p 00000000 00:00 0 
7f294f763000-7f2950316000 rw-p 00000000 00:00 0 
7f2954000000-7f2954021000 rw-p 00000000 00:00 0 
7f2954021000-7f2958000000 ---p 00000000 00:00 0 
7f2958316000-7f2963e46000 rw-p 00000000 00:00 0 
7f2964000000-7f2964021000 rw-p 00000000 00:00 0 
7f2964021000-7f2968000000 ---p 00000000 00:00 0 
7f296c000000-7f296c021000 rw-p 00000000 00:00 0 
7f296c021000-7f2970000000 ---p 00000000 00:00 0 
7f2974000000-7f2974021000 rw-p 00000000 00:00 0 
7f2974021000-7f2978000000 ---p 00000000 00:00 0 
7f2978170000-7f29783f8000 rw-p 00000000 00:00 0 
7f29783f8000-7f297848d000 r--s 01113000 103:03 14824410                  /home/zhangming/jdk8/jre/lib/ext/jfxrt.jar
7f297848d000-7f297848e000 ---p 00000000 00:00 0 
7f297848e000-7f297858e000 rw-p 00000000 00:00 0 
7f297858e000-7f2978591000 ---p 00000000 00:00 0 
7f2978591000-7f297868f000 rw-p 00000000 00:00 0 
7f297868f000-7f2978690000 ---p 00000000 00:00 0 
7f2978690000-7f2978693000 ---p 00000000 00:00 0 
7f2978693000-7f2978790000 rw-p 00000000 00:00 0 
7f2978790000-7f2978791000 ---p 00000000 00:00 0 
7f2978791000-7f2978794000 ---p 00000000 00:00 0 
7f2978794000-7f2978891000 rw-p 00000000 00:00 0 
7f2978891000-7f2978892000 ---p 00000000 00:00 0 
7f2978892000-7f2978895000 ---p 00000000 00:00 0 
7f2978895000-7f2978992000 rw-p 00000000 00:00 0 
7f2978992000-7f2978993000 ---p 00000000 00:00 0 
7f2978993000-7f2978996000 ---p 00000000 00:00 0 
7f2978996000-7f2978a93000 rw-p 00000000 00:00 0 
7f2978a93000-7f2978a96000 ---p 00000000 00:00 0 
7f2978a96000-7f2978b94000 rw-p 00000000 00:00 0 
7f2978b94000-7f2979405000 r--p 00000000 103:03 11144090                  /usr/lib/locale/locale-archive
7f2979405000-7f2979408000 ---p 00000000 00:00 0 
7f2979408000-7f2979506000 rw-p 00000000 00:00 0 
7f2979506000-7f2979509000 ---p 00000000 00:00 0 
7f2979509000-7f2979607000 rw-p 00000000 00:00 0 
7f2979607000-7f2979608000 ---p 00000000 00:00 0 
7f2979608000-7f297b39b000 rw-p 00000000 00:00 0 
7f297b39b000-7f297b575000 r--s 03d5f000 103:03 14824348                  /home/zhangming/jdk8/jre/lib/rt.jar
7f297b575000-7f297ba86000 rw-p 00000000 00:00 0 
7f297ba86000-7f297be46000 ---p 00000000 00:00 0 
7f297be46000-7f297be47000 ---p 00000000 00:00 0 
7f297be47000-7f297bf47000 rw-p 00000000 00:00 0 
7f297bf47000-7f297bf48000 ---p 00000000 00:00 0 
7f297bf48000-7f297c048000 rw-p 00000000 00:00 0 
7f297c048000-7f297c049000 ---p 00000000 00:00 0 
7f297c049000-7f297c149000 rw-p 00000000 00:00 0 
7f297c149000-7f297c14a000 ---p 00000000 00:00 0 
7f297c14a000-7f297c24a000 rw-p 00000000 00:00 0 
7f297c24a000-7f297c24b000 ---p 00000000 00:00 0 
7f297c24b000-7f297c34b000 rw-p 00000000 00:00 0 
7f297c34b000-7f297c34c000 ---p 00000000 00:00 0 
7f297c34c000-7f297c4ca000 rw-p 00000000 00:00 0 
7f297c4ca000-7f297cc18000 ---p 00000000 00:00 0 
7f297cc18000-7f297cc58000 rw-p 00000000 00:00 0 
7f297cc58000-7f297cfff000 ---p 00000000 00:00 0 
7f297cfff000-7f297d000000 rw-p 00000000 00:00 0 
7f297d000000-7f297d270000 rwxp 00000000 00:00 0 
7f297d270000-7f298c000000 ---p 00000000 00:00 0 
7f298c000000-7f298c13d000 rw-p 00000000 00:00 0 
7f298c13d000-7f2990000000 ---p 00000000 00:00 0 
7f2990011000-7f2990012000 r--p 00000000 103:03 15998772                  /home/zhangming/gitspace/java-code/coreJava2/ch12/helloNative/libPrintf3.so
7f2990012000-7f2990013000 r-xp 00001000 103:03 15998772                  /home/zhangming/gitspace/java-code/coreJava2/ch12/helloNative/libPrintf3.so
7f2990013000-7f2990014000 r--p 00002000 103:03 15998772                  /home/zhangming/gitspace/java-code/coreJava2/ch12/helloNative/libPrintf3.so
7f2990014000-7f2990015000 r--p 00002000 103:03 15998772                  /home/zhangming/gitspace/java-code/coreJava2/ch12/helloNative/libPrintf3.so
7f2990015000-7f2990016000 rw-p 00003000 103:03 15998772                  /home/zhangming/gitspace/java-code/coreJava2/ch12/helloNative/libPrintf3.so
7f2990016000-7f29900b3000 rw-p 00000000 00:00 0 
7f29900b3000-7f29900b4000 ---p 00000000 00:00 0 
7f29900b4000-7f29901b4000 rw-p 00000000 00:00 0 
7f29901b4000-7f29901b5000 ---p 00000000 00:00 0 
7f29901b5000-7f2990333000 rw-p 00000000 00:00 0 
7f2990333000-7f2990a82000 ---p 00000000 00:00 0 
7f2990a82000-7f2990a8c000 rw-p 00000000 00:00 0 
7f2990a8c000-7f2990e42000 ---p 00000000 00:00 0 
7f2990e42000-7f2990e5d000 r-xp 00000000 103:03 14955270                  /home/zhangming/jdk8/jre/lib/amd64/libzip.so
7f2990e5d000-7f299105d000 ---p 0001b000 103:03 14955270                  /home/zhangming/jdk8/jre/lib/amd64/libzip.so
7f299105d000-7f299105e000 rw-p 0001b000 103:03 14955270                  /home/zhangming/jdk8/jre/lib/amd64/libzip.so
7f299105e000-7f2991089000 r-xp 00000000 103:03 14955264                  /home/zhangming/jdk8/jre/lib/amd64/libjava.so
7f2991089000-7f2991288000 ---p 0002b000 103:03 14955264                  /home/zhangming/jdk8/jre/lib/amd64/libjava.so
7f2991288000-7f299128a000 rw-p 0002a000 103:03 14955264                  /home/zhangming/jdk8/jre/lib/amd64/libjava.so
7f299128a000-7f2991297000 r-xp 00000000 103:03 14955269                  /home/zhangming/jdk8/jre/lib/amd64/libverify.so
7f2991297000-7f2991497000 ---p 0000d000 103:03 14955269                  /home/zhangming/jdk8/jre/lib/amd64/libverify.so
7f2991497000-7f2991499000 rw-p 0000d000 103:03 14955269                  /home/zhangming/jdk8/jre/lib/amd64/libverify.so
7f2991499000-7f299149b000 r--p 00000000 103:03 11173476                  /usr/lib/x86_64-linux-gnu/librt-2.31.so
7f299149b000-7f299149f000 r-xp 00002000 103:03 11173476                  /usr/lib/x86_64-linux-gnu/librt-2.31.so
7f299149f000-7f29914a1000 r--p 00006000 103:03 11173476                  /usr/lib/x86_64-linux-gnu/librt-2.31.so
7f29914a1000-7f29914a2000 r--p 00007000 103:03 11173476                  /usr/lib/x86_64-linux-gnu/librt-2.31.so
7f29914a2000-7f29914a3000 rw-p 00008000 103:03 11173476                  /usr/lib/x86_64-linux-gnu/librt-2.31.so
7f29914a3000-7f29914a4000 ---p 00000000 00:00 0 
7f29914a4000-7f29914a7000 ---p 00000000 00:00 0 
7f29914a7000-7f29915a4000 rw-p 00000000 00:00 0 
7f29915a4000-7f29915b1000 r--p 00000000 103:03 11173463                  /usr/lib/x86_64-linux-gnu/libm-2.31.so
7f29915b1000-7f2991658000 r-xp 0000d000 103:03 11173463                  /usr/lib/x86_64-linux-gnu/libm-2.31.so
7f2991658000-7f29916f1000 r--p 000b4000 103:03 11173463                  /usr/lib/x86_64-linux-gnu/libm-2.31.so
7f29916f1000-7f29916f2000 r--p 0014c000 103:03 11173463                  /usr/lib/x86_64-linux-gnu/libm-2.31.so
7f29916f2000-7f29916f3000 rw-p 0014d000 103:03 11173463                  /usr/lib/x86_64-linux-gnu/libm-2.31.so
7f29916f3000-7f29923cb000 r-xp 00000000 103:03 14955247                  /home/zhangming/jdk8/jre/lib/amd64/server/libjvm.so
7f29923cb000-7f29925ca000 ---p 00cd8000 103:03 14955247                  /home/zhangming/jdk8/jre/lib/amd64/server/libjvm.so
7f29925ca000-7f29926a4000 rw-p 00cd7000 103:03 14955247                  /home/zhangming/jdk8/jre/lib/amd64/server/libjvm.so
7f29926a4000-7f29926f1000 rw-p 00000000 00:00 0 
7f29926f1000-7f2992713000 r--p 00000000 103:03 11173461                  /usr/lib/x86_64-linux-gnu/libc-2.31.so
7f2992713000-7f299288b000 r-xp 00022000 103:03 11173461                  /usr/lib/x86_64-linux-gnu/libc-2.31.so
7f299288b000-7f29928d9000 r--p 0019a000 103:03 11173461                  /usr/lib/x86_64-linux-gnu/libc-2.31.so
7f29928d9000-7f29928dd000 r--p 001e7000 103:03 11173461                  /usr/lib/x86_64-linux-gnu/libc-2.31.so
7f29928dd000-7f29928df000 rw-p 001eb000 103:03 11173461                  /usr/lib/x86_64-linux-gnu/libc-2.31.so
7f29928df000-7f29928e3000 rw-p 00000000 00:00 0 
7f29928e3000-7f29928e4000 r--p 00000000 103:03 11173462                  /usr/lib/x86_64-linux-gnu/libdl-2.31.so
7f29928e4000-7f29928e6000 r-xp 00001000 103:03 11173462                  /usr/lib/x86_64-linux-gnu/libdl-2.31.so
7f29928e6000-7f29928e7000 r--p 00003000 103:03 11173462                  /usr/lib/x86_64-linux-gnu/libdl-2.31.so
7f29928e7000-7f29928e8000 r--p 00003000 103:03 11173462                  /usr/lib/x86_64-linux-gnu/libdl-2.31.so
7f29928e8000-7f29928e9000 rw-p 00004000 103:03 11173462                  /usr/lib/x86_64-linux-gnu/libdl-2.31.so
7f29928e9000-7f29928ff000 r-xp 00000000 103:03 14824163                  /home/zhangming/jdk8/lib/amd64/jli/libjli.so
7f29928ff000-7f2992afe000 ---p 00016000 103:03 14824163                  /home/zhangming/jdk8/lib/amd64/jli/libjli.so
7f2992afe000-7f2992aff000 rw-p 00015000 103:03 14824163                  /home/zhangming/jdk8/lib/amd64/jli/libjli.so
7f2992aff000-7f2992b05000 r--p 00000000 103:03 11173474                  /usr/lib/x86_64-linux-gnu/libpthread-2.31.so
7f2992b05000-7f2992b16000 r-xp 00006000 103:03 11173474                  /usr/lib/x86_64-linux-gnu/libpthread-2.31.so
7f2992b16000-7f2992b1c000 r--p 00017000 103:03 11173474                  /usr/lib/x86_64-linux-gnu/libpthread-2.31.so
7f2992b1c000-7f2992b1d000 r--p 0001c000 103:03 11173474                  /usr/lib/x86_64-linux-gnu/libpthread-2.31.so
7f2992b1d000-7f2992b1e000 rw-p 0001d000 103:03 11173474                  /usr/lib/x86_64-linux-gnu/libpthread-2.31.so
7f2992b1e000-7f2992b24000 rw-p 00000000 00:00 0 
7f2992b24000-7f2992b2c000 rw-s 00000000 103:03 3686320                   /tmp/hsperfdata_zhangming/14584
7f2992b2c000-7f2992b2f000 r--p 00000000 103:03 11173469                  /usr/lib/x86_64-linux-gnu/libnss_files-2.31.so
7f2992b2f000-7f2992b36000 r-xp 00003000 103:03 11173469                  /usr/lib/x86_64-linux-gnu/libnss_files-2.31.so
7f2992b36000-7f2992b38000 r--p 0000a000 103:03 11173469                  /usr/lib/x86_64-linux-gnu/libnss_files-2.31.so
7f2992b38000-7f2992b39000 r--p 0000b000 103:03 11173469                  /usr/lib/x86_64-linux-gnu/libnss_files-2.31.so
7f2992b39000-7f2992b3a000 rw-p 0000c000 103:03 11173469                  /usr/lib/x86_64-linux-gnu/libnss_files-2.31.so
7f2992b3a000-7f2992b41000 rw-p 00000000 00:00 0 
7f2992b41000-7f2992b42000 r--p 00000000 103:03 11144026                  /usr/lib/x86_64-linux-gnu/ld-2.31.so
7f2992b42000-7f2992b65000 r-xp 00001000 103:03 11144026                  /usr/lib/x86_64-linux-gnu/ld-2.31.so
7f2992b65000-7f2992b6d000 r--p 00024000 103:03 11144026                  /usr/lib/x86_64-linux-gnu/ld-2.31.so
7f2992b6d000-7f2992b6e000 r--p 00000000 00:00 0 
7f2992b6e000-7f2992b6f000 r--p 0002c000 103:03 11144026                  /usr/lib/x86_64-linux-gnu/ld-2.31.so
7f2992b6f000-7f2992b70000 rw-p 0002d000 103:03 11144026                  /usr/lib/x86_64-linux-gnu/ld-2.31.so
7f2992b70000-7f2992b71000 rw-p 00000000 00:00 0 
7ffdab59f000-7ffdab5c1000 rw-p 00000000 00:00 0                          [stack]
7ffdab5c5000-7ffdab5c9000 r--p 00000000 00:00 0                          [vvar]
7ffdab5c9000-7ffdab5cb000 r-xp 00000000 00:00 0                          [vdso]
ffffffffff600000-ffffffffff601000 --xp 00000000 00:00 0                  [vsyscall]

VM Arguments:
jvm_args: -Djava.library.path=. 
java_command: Printf3Test
java_class_path (initial): .
Launcher Type: SUN_STANDARD

Environment Variables:
JAVA_HOME=/home/zhangming/jdk8
PATH=/home/zhangming/miniconda3/bin:/home/zhangming/miniconda3/condabin:/home/zhangming/flutter/bin:/home/zhangming/jdk8/bin:/home/zhangming/flutter/bin:/home/zhangming/.nvm/versions/node/v14.15.1/bin:/home/zhangming/.local/bin:/home/zhangming/bin:/usr/local/sbin:/usr/local/bin:/usr/sbin:/usr/bin:/sbin:/bin:/usr/games:/usr/local/games:/snap/bin:/home/zhangming/.local/share/JetBrains/Toolbox/scripts:/home/zhangming/Downloads/maven-3.5.2/bin:/home/zhangming/Downloads/gradle-6.1.1/bin:/home/zhangming/go/bin:/home/zhangming/mygo/bin
USERNAME=zhangming
SHELL=/bin/bash
DISPLAY=:0

Signal Handlers:
SIGSEGV: [libjvm.so+0xacfec0], sa_mask[0]=11111111011111111101111111111110, sa_flags=SA_RESTART|SA_SIGINFO
SIGBUS: [libjvm.so+0xacfec0], sa_mask[0]=11111111011111111101111111111110, sa_flags=SA_RESTART|SA_SIGINFO
SIGFPE: [libjvm.so+0x927e60], sa_mask[0]=11111111011111111101111111111110, sa_flags=SA_RESTART|SA_SIGINFO
SIGPIPE: [libjvm.so+0x927e60], sa_mask[0]=11111111011111111101111111111110, sa_flags=SA_RESTART|SA_SIGINFO
SIGXFSZ: [libjvm.so+0x927e60], sa_mask[0]=11111111011111111101111111111110, sa_flags=SA_RESTART|SA_SIGINFO
SIGILL: [libjvm.so+0x927e60], sa_mask[0]=11111111011111111101111111111110, sa_flags=SA_RESTART|SA_SIGINFO
SIGUSR1: SIG_DFL, sa_mask[0]=00000000000000000000000000000000, sa_flags=none
SIGUSR2: [libjvm.so+0x9296a0], sa_mask[0]=00000000000000000000000000000000, sa_flags=SA_RESTART|SA_SIGINFO
SIGHUP: [libjvm.so+0x92aaa0], sa_mask[0]=11111111011111111101111111111110, sa_flags=SA_RESTART|SA_SIGINFO
SIGINT: [libjvm.so+0x92aaa0], sa_mask[0]=11111111011111111101111111111110, sa_flags=SA_RESTART|SA_SIGINFO
SIGTERM: [libjvm.so+0x92aaa0], sa_mask[0]=11111111011111111101111111111110, sa_flags=SA_RESTART|SA_SIGINFO
SIGQUIT: [libjvm.so+0x92aaa0], sa_mask[0]=11111111011111111101111111111110, sa_flags=SA_RESTART|SA_SIGINFO


---------------  S Y S T E M  ---------------

OS:DISTRIB_ID=Ubuntu
DISTRIB_RELEASE=20.04
DISTRIB_CODENAME=focal
DISTRIB_DESCRIPTION="Ubuntu 20.04.2 LTS"

uname:Linux 5.15.0-41-generic #44~20.04.1-Ubuntu SMP Fri Jun 24 13:27:29 UTC 2022 x86_64
libc:glibc 2.31 NPTL 2.31 
rlimit: STACK 8192k, CORE 0k, NPROC 95554, NOFILE 1048576, AS infinity
load average:1.11 1.02 0.86

/proc/meminfo:
MemTotal:       24532912 kB
MemFree:         9143128 kB
MemAvailable:   18752100 kB
Buffers:         2058868 kB
Cached:          4195848 kB
SwapCached:            0 kB
Active:          3067436 kB
Inactive:        7235524 kB
Active(anon):       5292 kB
Inactive(anon):  4480528 kB
Active(file):    3062144 kB
Inactive(file):  2754996 kB
Unevictable:      404848 kB
Mlocked:              16 kB
SwapTotal:       2097148 kB
SwapFree:        2097148 kB
Dirty:             19524 kB
Writeback:             0 kB
AnonPages:       4453260 kB
Mapped:          1616404 kB
Shmem:            443196 kB
KReclaimable:    4195804 kB
Slab:            4478252 kB
SReclaimable:    4195804 kB
SUnreclaim:       282448 kB
KernelStack:       16448 kB
PageTables:        40628 kB
NFS_Unstable:          0 kB
Bounce:                0 kB
WritebackTmp:          0 kB
CommitLimit:    14363604 kB
Committed_AS:   12420100 kB
VmallocTotal:   34359738367 kB
VmallocUsed:       47796 kB
VmallocChunk:          0 kB
Percpu:             8544 kB
HardwareCorrupted:     0 kB
AnonHugePages:         0 kB
ShmemHugePages:        0 kB
ShmemPmdMapped:        0 kB
FileHugePages:         0 kB
FilePmdMapped:         0 kB
HugePages_Total:       0
HugePages_Free:        0
HugePages_Rsvd:        0
HugePages_Surp:        0
Hugepagesize:       2048 kB
Hugetlb:               0 kB
DirectMap4k:      463484 kB
DirectMap2M:    17276928 kB
DirectMap1G:     7340032 kB


CPU:total 8 (initial active 8) (4 cores per cpu, 2 threads per core) family 6 model 158 stepping 9, cmov, cx8, fxsr, mmx, sse, sse2, sse3, ssse3, sse4.1, sse4.2, popcnt, avx, avx2, aes, clmul, erms, 3dnowpref, lzcnt, ht, tsc, tscinvbit, bmi1, bmi2, adx

/proc/cpuinfo:
processor	: 0
vendor_id	: GenuineIntel
cpu family	: 6
model		: 158
model name	: Intel(R) Core(TM) i7-7700HQ CPU @ 2.80GHz
stepping	: 9
microcode	: 0xf0
cpu MHz		: 3532.457
cache size	: 6144 KB
physical id	: 0
siblings	: 8
core id		: 0
cpu cores	: 4
apicid		: 0
initial apicid	: 0
fpu		: yes
fpu_exception	: yes
cpuid level	: 22
wp		: yes
flags		: fpu vme de pse tsc msr pae mce cx8 apic sep mtrr pge mca cmov pat pse36 clflush dts acpi mmx fxsr sse sse2 ss ht tm pbe syscall nx pdpe1gb rdtscp lm constant_tsc art arch_perfmon pebs bts rep_good nopl xtopology nonstop_tsc cpuid aperfmperf pni pclmulqdq dtes64 monitor ds_cpl vmx est tm2 ssse3 sdbg fma cx16 xtpr pdcm pcid sse4_1 sse4_2 x2apic movbe popcnt tsc_deadline_timer aes xsave avx f16c rdrand lahf_lm abm 3dnowprefetch cpuid_fault epb invpcid_single pti ssbd ibrs ibpb stibp tpr_shadow vnmi flexpriority ept vpid ept_ad fsgsbase tsc_adjust bmi1 avx2 smep bmi2 erms invpcid mpx rdseed adx smap clflushopt intel_pt xsaveopt xsavec xgetbv1 xsaves dtherm ida arat pln pts hwp hwp_notify hwp_act_window hwp_epp md_clear flush_l1d arch_capabilities
vmx flags	: vnmi preemption_timer invvpid ept_x_only ept_ad ept_1gb flexpriority tsc_offset vtpr mtf vapic ept vpid unrestricted_guest ple pml ept_mode_based_exec
bugs		: cpu_meltdown spectre_v1 spectre_v2 spec_store_bypass l1tf mds swapgs itlb_multihit srbds mmio_stale_data
bogomips	: 5599.85
clflush size	: 64
cache_alignment	: 64
address sizes	: 39 bits physical, 48 bits virtual
power management:

processor	: 1
vendor_id	: GenuineIntel
cpu family	: 6
model		: 158
model name	: Intel(R) Core(TM) i7-7700HQ CPU @ 2.80GHz
stepping	: 9
microcode	: 0xf0
cpu MHz		: 2800.000
cache size	: 6144 KB
physical id	: 0
siblings	: 8
core id		: 1
cpu cores	: 4
apicid		: 2
initial apicid	: 2
fpu		: yes
fpu_exception	: yes
cpuid level	: 22
wp		: yes
flags		: fpu vme de pse tsc msr pae mce cx8 apic sep mtrr pge mca cmov pat pse36 clflush dts acpi mmx fxsr sse sse2 ss ht tm pbe syscall nx pdpe1gb rdtscp lm constant_tsc art arch_perfmon pebs bts rep_good nopl xtopology nonstop_tsc cpuid aperfmperf pni pclmulqdq dtes64 monitor ds_cpl vmx est tm2 ssse3 sdbg fma cx16 xtpr pdcm pcid sse4_1 sse4_2 x2apic movbe popcnt tsc_deadline_timer aes xsave avx f16c rdrand lahf_lm abm 3dnowprefetch cpuid_fault epb invpcid_single pti ssbd ibrs ibpb stibp tpr_shadow vnmi flexpriority ept vpid ept_ad fsgsbase tsc_adjust bmi1 avx2 smep bmi2 erms invpcid mpx rdseed adx smap clflushopt intel_pt xsaveopt xsavec xgetbv1 xsaves dtherm ida arat pln pts hwp hwp_notify hwp_act_window hwp_epp md_clear flush_l1d arch_capabilities
vmx flags	: vnmi preemption_timer invvpid ept_x_only ept_ad ept_1gb flexpriority tsc_offset vtpr mtf vapic ept vpid unrestricted_guest ple pml ept_mode_based_exec
bugs		: cpu_meltdown spectre_v1 spectre_v2 spec_store_bypass l1tf mds swapgs itlb_multihit srbds mmio_stale_data
bogomips	: 5599.85
clflush size	: 64
cache_alignment	: 64
address sizes	: 39 bits physical, 48 bits virtual
power management:

processor	: 2
vendor_id	: GenuineIntel
cpu family	: 6
model		: 158
model name	: Intel(R) Core(TM) i7-7700HQ CPU @ 2.80GHz
stepping	: 9
microcode	: 0xf0
cpu MHz		: 3553.999
cache size	: 6144 KB
physical id	: 0
siblings	: 8
core id		: 2
cpu cores	: 4
apicid		: 4
initial apicid	: 4
fpu		: yes
fpu_exception	: yes
cpuid level	: 22
wp		: yes
flags		: fpu vme de pse tsc msr pae mce cx8 apic sep mtrr pge mca cmov pat pse36 clflush dts acpi mmx fxsr sse sse2 ss ht tm pbe syscall nx pdpe1gb rdtscp lm constant_tsc art arch_perfmon pebs bts rep_good nopl xtopology nonstop_tsc cpuid aperfmperf pni pclmulqdq dtes64 monitor ds_cpl vmx est tm2 ssse3 sdbg fma cx16 xtpr pdcm pcid sse4_1 sse4_2 x2apic movbe popcnt tsc_deadline_timer aes xsave avx f16c rdrand lahf_lm abm 3dnowprefetch cpuid_fault epb invpcid_single pti ssbd ibrs ibpb stibp tpr_shadow vnmi flexpriority ept vpid ept_ad fsgsbase tsc_adjust bmi1 avx2 smep bmi2 erms invpcid mpx rdseed adx smap clflushopt intel_pt xsaveopt xsavec xgetbv1 xsaves dtherm ida arat pln pts hwp hwp_notify hwp_act_window hwp_epp md_clear flush_l1d arch_capabilities
vmx flags	: vnmi preemption_timer invvpid ept_x_only ept_ad ept_1gb flexpriority tsc_offset vtpr mtf vapic ept vpid unrestricted_guest ple pml ept_mode_based_exec
bugs		: cpu_meltdown spectre_v1 spectre_v2 spec_store_bypass l1tf mds swapgs itlb_multihit srbds mmio_stale_data
bogomips	: 5599.85
clflush size	: 64
cache_alignment	: 64
address sizes	: 39 bits physical, 48 bits virtual
power management:

processor	: 3
vendor_id	: GenuineIntel
cpu family	: 6
model		: 158
model name	: Intel(R) Core(TM) i7-7700HQ CPU @ 2.80GHz
stepping	: 9
microcode	: 0xf0
cpu MHz		: 2800.000
cache size	: 6144 KB
physical id	: 0
siblings	: 8
core id		: 3
cpu cores	: 4
apicid		: 6
initial apicid	: 6
fpu		: yes
fpu_exception	: yes
cpuid level	: 22
wp		: yes
flags		: fpu vme de pse tsc msr pae mce cx8 apic sep mtrr pge mca cmov pat pse36 clflush dts acpi mmx fxsr sse sse2 ss ht tm pbe syscall nx pdpe1gb rdtscp lm constant_tsc art arch_perfmon pebs bts rep_good nopl xtopology nonstop_tsc cpuid aperfmperf pni pclmulqdq dtes64 monitor ds_cpl vmx est tm2 ssse3 sdbg fma cx16 xtpr pdcm pcid sse4_1 sse4_2 x2apic movbe popcnt tsc_deadline_timer aes xsave avx f16c rdrand lahf_lm abm 3dnowprefetch cpuid_fault epb invpcid_single pti ssbd ibrs ibpb stibp tpr_shadow vnmi flexpriority ept vpid ept_ad fsgsbase tsc_adjust bmi1 avx2 smep bmi2 erms invpcid mpx rdseed adx smap clflushopt intel_pt xsaveopt xsavec xgetbv1 xsaves dtherm ida arat pln pts hwp hwp_notify hwp_act_window hwp_epp md_clear flush_l1d arch_capabilities
vmx flags	: vnmi preemption_timer invvpid ept_x_only ept_ad ept_1gb flexpriority tsc_offset vtpr mtf vapic ept vpid unrestricted_guest ple pml ept_mode_based_exec
bugs		: cpu_meltdown spectre_v1 spectre_v2 spec_store_bypass l1tf mds swapgs itlb_multihit srbds mmio_stale_data
bogomips	: 5599.85
clflush size	: 64
cache_alignment	: 64
address sizes	: 39 bits physical, 48 bits virtual
power management:

processor	: 4
vendor_id	: GenuineIntel
cpu family	: 6
model		: 158
model name	: Intel(R) Core(TM) i7-7700HQ CPU @ 2.80GHz
stepping	: 9
microcode	: 0xf0
cpu MHz		: 2800.000
cache size	: 6144 KB
physical id	: 0
siblings	: 8
core id		: 0
cpu cores	: 4
apicid		: 1
initial apicid	: 1
fpu		: yes
fpu_exception	: yes
cpuid level	: 22
wp		: yes
flags		: fpu vme de pse tsc msr pae mce cx8 apic sep mtrr pge mca cmov pat pse36 clflush dts acpi mmx fxsr sse sse2 ss ht tm pbe syscall nx pdpe1gb rdtscp lm constant_tsc art arch_perfmon pebs bts rep_good nopl xtopology nonstop_tsc cpuid aperfmperf pni pclmulqdq dtes64 monitor ds_cpl vmx est tm2 ssse3 sdbg fma cx16 xtpr pdcm pcid sse4_1 sse4_2 x2apic movbe popcnt tsc_deadline_timer aes xsave avx f16c rdrand lahf_lm abm 3dnowprefetch cpuid_fault epb invpcid_single pti ssbd ibrs ibpb stibp tpr_shadow vnmi flexpriority ept vpid ept_ad fsgsbase tsc_adjust bmi1 avx2 smep bmi2 erms invpcid mpx rdseed adx smap clflushopt intel_pt xsaveopt xsavec xgetbv1 xsaves dtherm ida arat pln pts hwp hwp_notify hwp_act_window hwp_epp md_clear flush_l1d arch_capabilities
vmx flags	: vnmi preemption_timer invvpid ept_x_only ept_ad ept_1gb flexpriority tsc_offset vtpr mtf vapic ept vpid unrestricted_guest ple pml ept_mode_based_exec
bugs		: cpu_meltdown spectre_v1 spectre_v2 spec_store_bypass l1tf mds swapgs itlb_multihit srbds mmio_stale_data
bogomips	: 5599.85
clflush size	: 64
cache_alignment	: 64
address sizes	: 39 bits physical, 48 bits virtual
power management:

processor	: 5
vendor_id	: GenuineIntel
cpu family	: 6
model		: 158
model name	: Intel(R) Core(TM) i7-7700HQ CPU @ 2.80GHz
stepping	: 9
microcode	: 0xf0
cpu MHz		: 2800.000
cache size	: 6144 KB
physical id	: 0
siblings	: 8
core id		: 1
cpu cores	: 4
apicid		: 3
initial apicid	: 3
fpu		: yes
fpu_exception	: yes
cpuid level	: 22
wp		: yes
flags		: fpu vme de pse tsc msr pae mce cx8 apic sep mtrr pge mca cmov pat pse36 clflush dts acpi mmx fxsr sse sse2 ss ht tm pbe syscall nx pdpe1gb rdtscp lm constant_tsc art arch_perfmon pebs bts rep_good nopl xtopology nonstop_tsc cpuid aperfmperf pni pclmulqdq dtes64 monitor ds_cpl vmx est tm2 ssse3 sdbg fma cx16 xtpr pdcm pcid sse4_1 sse4_2 x2apic movbe popcnt tsc_deadline_timer aes xsave avx f16c rdrand lahf_lm abm 3dnowprefetch cpuid_fault epb invpcid_single pti ssbd ibrs ibpb stibp tpr_shadow vnmi flexpriority ept vpid ept_ad fsgsbase tsc_adjust bmi1 avx2 smep bmi2 erms invpcid mpx rdseed adx smap clflushopt intel_pt xsaveopt xsavec xgetbv1 xsaves dtherm ida arat pln pts hwp hwp_notify hwp_act_window hwp_epp md_clear flush_l1d arch_capabilities
vmx flags	: vnmi preemption_timer invvpid ept_x_only ept_ad ept_1gb flexpriority tsc_offset vtpr mtf vapic ept vpid unrestricted_guest ple pml ept_mode_based_exec
bugs		: cpu_meltdown spectre_v1 spectre_v2 spec_store_bypass l1tf mds swapgs itlb_multihit srbds mmio_stale_data
bogomips	: 5599.85
clflush size	: 64
cache_alignment	: 64
address sizes	: 39 bits physical, 48 bits virtual
power management:

processor	: 6
vendor_id	: GenuineIntel
cpu family	: 6
model		: 158
model name	: Intel(R) Core(TM) i7-7700HQ CPU @ 2.80GHz
stepping	: 9
microcode	: 0xf0
cpu MHz		: 2800.000
cache size	: 6144 KB
physical id	: 0
siblings	: 8
core id		: 2
cpu cores	: 4
apicid		: 5
initial apicid	: 5
fpu		: yes
fpu_exception	: yes
cpuid level	: 22
wp		: yes
flags		: fpu vme de pse tsc msr pae mce cx8 apic sep mtrr pge mca cmov pat pse36 clflush dts acpi mmx fxsr sse sse2 ss ht tm pbe syscall nx pdpe1gb rdtscp lm constant_tsc art arch_perfmon pebs bts rep_good nopl xtopology nonstop_tsc cpuid aperfmperf pni pclmulqdq dtes64 monitor ds_cpl vmx est tm2 ssse3 sdbg fma cx16 xtpr pdcm pcid sse4_1 sse4_2 x2apic movbe popcnt tsc_deadline_timer aes xsave avx f16c rdrand lahf_lm abm 3dnowprefetch cpuid_fault epb invpcid_single pti ssbd ibrs ibpb stibp tpr_shadow vnmi flexpriority ept vpid ept_ad fsgsbase tsc_adjust bmi1 avx2 smep bmi2 erms invpcid mpx rdseed adx smap clflushopt intel_pt xsaveopt xsavec xgetbv1 xsaves dtherm ida arat pln pts hwp hwp_notify hwp_act_window hwp_epp md_clear flush_l1d arch_capabilities
vmx flags	: vnmi preemption_timer invvpid ept_x_only ept_ad ept_1gb flexpriority tsc_offset vtpr mtf vapic ept vpid unrestricted_guest ple pml ept_mode_based_exec
bugs		: cpu_meltdown spectre_v1 spectre_v2 spec_store_bypass l1tf mds swapgs itlb_multihit srbds mmio_stale_data
bogomips	: 5599.85
clflush size	: 64
cache_alignment	: 64
address sizes	: 39 bits physical, 48 bits virtual
power management:

processor	: 7
vendor_id	: GenuineIntel
cpu family	: 6
model		: 158
model name	: Intel(R) Core(TM) i7-7700HQ CPU @ 2.80GHz
stepping	: 9
microcode	: 0xf0
cpu MHz		: 2800.000
cache size	: 6144 KB
physical id	: 0
siblings	: 8
core id		: 3
cpu cores	: 4
apicid		: 7
initial apicid	: 7
fpu		: yes
fpu_exception	: yes
cpuid level	: 22
wp		: yes
flags		: fpu vme de pse tsc msr pae mce cx8 apic sep mtrr pge mca cmov pat pse36 clflush dts acpi mmx fxsr sse sse2 ss ht tm pbe syscall nx pdpe1gb rdtscp lm constant_tsc art arch_perfmon pebs bts rep_good nopl xtopology nonstop_tsc cpuid aperfmperf pni pclmulqdq dtes64 monitor ds_cpl vmx est tm2 ssse3 sdbg fma cx16 xtpr pdcm pcid sse4_1 sse4_2 x2apic movbe popcnt tsc_deadline_timer aes xsave avx f16c rdrand lahf_lm abm 3dnowprefetch cpuid_fault epb invpcid_single pti ssbd ibrs ibpb stibp tpr_shadow vnmi flexpriority ept vpid ept_ad fsgsbase tsc_adjust bmi1 avx2 smep bmi2 erms invpcid mpx rdseed adx smap clflushopt intel_pt xsaveopt xsavec xgetbv1 xsaves dtherm ida arat pln pts hwp hwp_notify hwp_act_window hwp_epp md_clear flush_l1d arch_capabilities
vmx flags	: vnmi preemption_timer invvpid ept_x_only ept_ad ept_1gb flexpriority tsc_offset vtpr mtf vapic ept vpid unrestricted_guest ple pml ept_mode_based_exec
bugs		: cpu_meltdown spectre_v1 spectre_v2 spec_store_bypass l1tf mds swapgs itlb_multihit srbds mmio_stale_data
bogomips	: 5599.85
clflush size	: 64
cache_alignment	: 64
address sizes	: 39 bits physical, 48 bits virtual
power management:



Memory: 4k page, physical 24532912k(9142876k free), swap 2097148k(2097148k free)

vm_info: Java HotSpot(TM) 64-Bit Server VM (25.152-b16) for linux-amd64 JRE (1.8.0_152-b16), built on Sep 14 2017 02:16:14 by "java_re" with gcc 4.3.0 20080428 (Red Hat 4.3.0-8)

time: Wed Jul 20 22:07:14 2022
elapsed time: 0 seconds (0d 0h 0m 0s)

